In EGS_Application::initSimulation()
================================================================================
EGSnrc version 4 for x86_64-unknown-linux-gnu          Thu Oct 10 16:18:57 2019
================================================================================
configuration................................linux
user code....................................emf_lab_pp
pegs file....................................
using host...................................raptor.ff.bg.ac.rs
input file...................................emf_mono_ph_beam_in_water_air_slabs
output file(s)...............................emf_mono_ph_beam_in_water_air_slabs
================================================================================
In initCrossSections(): spin effects = 1
Property Photon cross-sections output: 0
Property Photonuclear attenuation: 0
Property Bound Compton scattering: 0
Property Radiative Compton corrections: 0
Property Rayleigh scattering: 0
Property Atomic relaxations: 0
Property Photoelectron angular sampling: 0
Property Spin effects: 1
Property Triplet production: 0
Property Brems cross sections: 0
Property Brems angular sampling: 0
Property Pair cross sections: 0
Property Pair angular sampling: 1
Property Electron-step algorithm: 2
Property Boundary crossing algorithm: 1
 ===> Photonuclear flag:   0
  PEGSLESS INPUT.  CALCULATING ELECTRON CROSS-SECTIONS.

  Medium data: 

 AE =    5.21000E-01 MeV,  UE =    5.05110E+01 MeV
 AP =    1.00000E-02 MeV,  UP =    5.00000E+01 MeV

  No material data file supplied.  Material data obtained from
  .egsinp file or density correction file.

   Medium: air                     
 Sterncid: air                     
     rho:    1.20479E-03 g/cm^3
 Elements: C   N   O   AR  
    rhoz:    1.24000E-04   7.55267E-01   2.31781E-01   1.28270E-02
      pz:    1.03237E-05   5.39218E-02   1.44869E-02   3.21092E-04
  iunrst:     0
  iaprim:     0
    gasp:    0.00000E+00 atm.
  density correction file: /home/ljubomir/EGSnrc/HEN_HOUSE/pegs4/density_corrections/compounds/air_dry_nearsealevel.density

   Medium: water                   
 Sterncid: water                   
     rho:    1.00000E+00 g/cm^3
 Elements: H   O   
    rhoz:    1.11894E-01   8.88106E-01
      pz:    1.11009E-01   5.55087E-02
  iunrst:     0
  iaprim:     0
    gasp:    0.00000E+00 atm.
  density correction file: /home/ljubomir/EGSnrc/HEN_HOUSE/pegs4/density_corrections/compounds/water_liquid.density


(Re)-initializing photon cross sections with files from the series: xcom

 Compton cross sections: default
 Using Compton cross sections from /home/ljubomir/EGSnrc/HEN_HOUSE/data/compton_sigma.data
 Working on medium   1 ... OK
 Working on medium   2 ... OK
  old PRESTA calculates default min. step-size for BCA: 
      minimum ECUT found:   0.52100000000000002     
      default BLCMIN is:    3.1856114611770918     
      this corresponds to    24.182070283272378       elastic MFPs 

Reading screened Rutherford MS data ...............  done 


Reading spin data base from /home/ljubomir/EGSnrc/HEN_HOUSE/data/spinms.data
EGSnrc spin data, version 2.0   
Data generated on a machine with 1234 endianess
The endianess of this CPU is 1234
Ranges:      1.00   100.00  0.30054  1.00000


  medium    1 .....................  done
  medium    2 .....................  done
  
  Medium            1  sige =    6.4771747413144674        6.2460034263726785       monotone =  F F
  Medium            2  sige =    6.3995325640095873        6.1904836659459477       monotone =  F F
  
  Initializing tmxs for estepe =   0.25000000000000000       and ximax =   0.50000000000000000     
  
Output from subroutine EDGSET:
==============================
 Atomic relaxations not requested! 

 Bound Compton scattering not requested! 

EGSnrc SUCCESSFULLY 'HATCHED' FOR     2 MEDIA.


The following media are defined:
================================

  0  air                      AE= 0.5210 AP= 0.0100 0
  1  water                    AE= 0.5210 AP= 0.0100 1


Transport parameter and cross section options:
==============================================
Photon cross sections                             xcom            
Compton cross sections                            default         
Global Pcut                                       0.01
Pair cross sections                               BH
Pair angular sampling                             Simple
Triplet production                                Off
Bound Compton scattering                          Off
Radiative Compton corrections                     Off
Rayleigh scattering                               Off
Atomic relaxations                                Off
Photoelectron angular sampling                    Off
Photonuclear attenuation                          Off
Photonuclear cross sections                       default         

Global Ecut                                       0.521
Brems cross sections                              BH
Brems angular sampling                            Simple
Spin effects                                      On
Electron Impact Ionization                        Off             
Global Smax                                       1e+10
ESTEPE                                            0.25
Ximax                                             0.5
Boundary crossing algorithm                       PRESTA-I
Skin depth for BCA                                24.1821
Electron-step algorithm                           EGSnrc
Magnetic Field                                    0 0.5 0 
EM ESTEPE                                         0.02
==============================================



======================== geometry =====================
 type = EGS_XYZGeometry
 name = phantom
 number of regions = 4
======================== geometry =====================
 type = x-planes
 name = geometry0
 number of regions = 1
 first plane at -20, 1 slices of 40 thickness
=======================================================
======================== geometry =====================
 type = y-planes
 name = geometry1
 number of regions = 1
 first plane at -20, 1 slices of 40 thickness
=======================================================
======================== geometry =====================
 type = z-planes
 name = geometry2
 number of regions = 4
 plane positions = 0 100 105 107 147 
=======================================================
=======================================================


The simulation uses the following source:
=========================================
 Collimated source from a shape of type point onto a shape of type rectangle with monoenergetic 1.25 MeV, photons


Random number generator:
============================================
  type                = ranmar
  high resolution     = no
  initial seeds       = 33 97
  numbers used so far = 0


The following ausgab objects are included in the simulation
===========================================================


Particle Track Scoring (tracks)
======================================================
 - Scoring photon tracks       = YES
 - Scoring electron tracks     = YES
 - Scoring positron tracks     = YES
 - First event to score        = 0
 - Last event to score         = 1024
 - Track buffer size           = 1024
 - Output file name            = /home/ljubomir/EGSnrc/egs_home/emf_lab_pp/emf_mono_ph_beam_in_water_air_slabs.ptracks





Starting simulation on Thu Oct 10 16:18:58 2019

    Fresh simulation of 10000 histories



Running 10000 histories

  Batch             CPU time        Result   Uncertainty(%)
==========================================================
      1                0.18              0         100.00
      2                0.28              0         100.00
      3                0.42              0         100.00
      4                0.59              0         100.00
      5                0.75              0         100.00
      6                0.94              0         100.00
      7                1.10              0         100.00
      8                1.21              0         100.00
      9                1.34              0         100.00
     10                1.49              0         100.00


Finished simulation

Total cpu time for this run:            1.49 (sec.) 0.0004(hours)
Histories per hour:                     2.41611e+07   
Number of random numbers used:          16017983      
Number of electron CH steps:            1.16869e+06   
Number of all electron steps:           1.16942e+06   

Particle Track Scoring (tracks)
======================================================
   Total events scored:     1024
   Total tracks scored:     17330
   Still being scored:      0
   Output file name:        /home/ljubomir/EGSnrc/egs_home/emf_lab_pp/emf_mono_ph_beam_in_water_air_slabs.ptracks



================================================================================
Finished simulation

  Elapsed time:                    2.0 s (  0.001 h)
  CPU time:                        2.0 s (  0.001 h)
  Ratio:                          1.006


End of run                                             Thu Oct 10 16:18:59 2019
================================================================================
finishSimulation(emf_lab_pp) 0
