In EGS_Application::initSimulation()
================================================================================
EGSnrc version 4 for i686-pc-linux-gnu                 Sat Oct 12 23:34:36 2019
================================================================================
configuration................................................linux_corsair
user code....................................................emf_lab_pp
pegs file....................................................521icru on EGS_HOME
using host...................................................slackwarebox
input file...................................................ept_yelbrass521icru
output file(s)...............................................ept_yelbrass521icru
================================================================================
In initCrossSections(): spin effects = 1
Property Photon cross-sections output: 0
Property Photonuclear attenuation: 0
Property Bound Compton scattering: 0
Property Radiative Compton corrections: 0
Property Rayleigh scattering: 0
Property Atomic relaxations: 0
Property Photoelectron angular sampling: 0
Property Spin effects: 1
Property Triplet production: 0
Property Brems cross sections: 0
Property Brems angular sampling: 0
Property Pair cross sections: 0
Property Pair angular sampling: 1
Property Electron-step algorithm: 2
Property Boundary crossing algorithm: 1
 ===> Photonuclear flag:   0

(Re)-initializing photon cross sections with files from the series: xcom

 Compton cross sections: default
 Using Compton cross sections from /home/ljubak/EGSnrc/HEN_HOUSE/data/compton_sigma.data
 Working on medium   1 ... OK
  old PRESTA calculates default min. step-size for BCA: 
      minimum ECUT found:   0.52100000000000002     
      default BLCMIN is:    2.3868644244670456     
      this corresponds to    10.879327452254673       elastic MFPs 

Reading screened Rutherford MS data ...............  done 


Reading spin data base from /home/ljubak/EGSnrc/HEN_HOUSE/data/spinms.data
EGSnrc spin data, version 2.0   
Data generated on a machine with 1234 endianess
The endianess of this CPU is 1234
Ranges:      1.00   100.00  0.30054  1.00000


  medium    1 .....................  done
  
  Medium            1  sige =    8.5493464634042731        8.2349042250213973       monotone =  F F
  
  Initializing tmxs for estepe =   0.25000000000000000       and ximax =   0.50000000000000000     
  
Output from subroutine EDGSET:
==============================
 Atomic relaxations not requested! 

 Bound Compton scattering not requested! 

 EGSnrc SUCCESSFULLY 'HATCHED' FOR ONE MEDIUM.


The following media are defined:
================================

  0  YELBRASS521ICRU          AE= 0.5210 AP= 0.0100 0


Transport parameter and cross section options:
==============================================
Photon cross sections                             xcom            
Compton cross sections                            default         
Global Pcut                                       0.01
Pair cross sections                               BH
Pair angular sampling                             Simple
Triplet production                                Off
Bound Compton scattering                          Off
Radiative Compton corrections                     Off
Rayleigh scattering                               Off
Atomic relaxations                                Off
Photoelectron angular sampling                    Off
Photonuclear attenuation                          Off
Photonuclear cross sections                       default         

Global Ecut                                       0.521
Brems cross sections                              BH
Brems angular sampling                            Simple
Spin effects                                      On
Electron Impact Ionization                        Off             
Global Smax                                       1e+10
ESTEPE                                            0.25
Ximax                                             0.5
Boundary crossing algorithm                       PRESTA-I
Skin depth for BCA                                10.8793
Electron-step algorithm                           EGSnrc
==============================================



======================== geometry =====================
 type = EGS_XYZGeometry
 name = lab
 number of regions = 3
======================== geometry =====================
 type = x-planes
 name = geometry0
 number of regions = 1
 first plane at -5, 1 slices of 10 thickness
=======================================================
======================== geometry =====================
 type = y-planes
 name = geometry1
 number of regions = 1
 first plane at -5, 1 slices of 10 thickness
=======================================================
======================== geometry =====================
 type = z-planes
 name = geometry2
 number of regions = 3
 plane positions = -10 0 0.1 20 
=======================================================
=======================================================


The simulation uses the following source:
=========================================
 Parallel beam from a shape of type point with monoenergetic 6 MeV, photons


Random number generator:
============================================
  type                = ranmar
  high resolution     = no
  initial seeds       = 33 97
  numbers used so far = 0


The following ausgab objects are included in the simulation
===========================================================


Particle Track Scoring (electron_tracks)
======================================================
 - Scoring photon tracks       = NO
 - Scoring electron tracks     = YES
 - Scoring positron tracks     = NO
 - First event to score        = 0
 - Last event to score         = 4096
 - Track buffer size           = 4096
 - Output file name            = /home/ljubak/EGSnrc/egs_home/emf_lab_pp/ept_yelbrass521icru.ptracks





Starting simulation on Sat Oct 12 23:34:36 2019

    Fresh simulation of 80000 histories



Running 80000 histories

  Batch             CPU time        Result   Uncertainty(%)
==========================================================
      1                0.08              0         100.00
      2                0.16              0         100.00
      3                0.24              0         100.00
      4                0.31              0         100.00
      5                0.40              0         100.00
      6                0.48              0         100.00
      7                0.56              0         100.00
      8                0.63              0         100.00
      9                0.71              0         100.00
     10                0.80              0         100.00


Finished simulation

Total cpu time for this run:            0.80 (sec.) 0.0002(hours)
Histories per hour:                     3.6e+08       
Number of random numbers used:          6739896       
Number of electron CH steps:            361802        
Number of all electron steps:           364977        

Particle Track Scoring (electron_tracks)
======================================================
   Total events scored:     4096
   Total tracks scored:     1988
   Still being scored:      0
   Output file name:        /home/ljubak/EGSnrc/egs_home/emf_lab_pp/ept_yelbrass521icru.ptracks



================================================================================
Finished simulation

  Elapsed time:                    1.1 s (  0.000 h)
  CPU time:                        1.1 s (  0.000 h)
  Ratio:                          1.016


End of run                                             Sat Oct 12 23:34:37 2019
================================================================================
finishSimulation(emf_lab_pp) 0
