In EGS_Application::initSimulation()
================================================================================
EGSnrc version 4 for x86_64-unknown-linux-gnu          Tue Oct 22 09:02:56 2019
================================================================================
configuration..............................................linux
user code..................................................emf_lab_pp
pegs file..................................................521icru on EGS_HOME
using host.................................................raptor.ff.bg.ac.rs
input file.................................................pdd_water_cyl_phantom
output file(s).............................................pdd_water_cyl_phantom
================================================================================
In initCrossSections(): spin effects = 1
Property Photon cross-sections output: 0
Property Photonuclear attenuation: 0
Property Bound Compton scattering: 0
Property Radiative Compton corrections: 0
Property Rayleigh scattering: 0
Property Atomic relaxations: 0
Property Photoelectron angular sampling: 0
Property Spin effects: 1
Property Triplet production: 0
Property Brems cross sections: 0
Property Brems angular sampling: 0
Property Pair cross sections: 0
Property Pair angular sampling: 1
Property Electron-step algorithm: 2
Property Boundary crossing algorithm: 1
 ===> Photonuclear flag:   0
 Found medium with gas pressure
 Rayleigh data available for medium  2 in PEGS4 data set.

(Re)-initializing photon cross sections with files from the series: xcom

 Compton cross sections: default
 Using Compton cross sections from /home/ljubomir/EGSnrc/HEN_HOUSE/data/compton_sigma.data
 Working on medium   1 ... OK
 Working on medium   2 ... OK
  old PRESTA calculates default min. step-size for BCA: 
      minimum ECUT found:   0.52100000000000002     
      default BLCMIN is:    3.1855790618759716     
      this corresponds to    24.181286813787558       elastic MFPs 

Reading screened Rutherford MS data ...............  done 


Reading spin data base from /home/ljubomir/EGSnrc/HEN_HOUSE/data/spinms.data
EGSnrc spin data, version 2.0   
Data generated on a machine with 1234 endianess
The endianess of this CPU is 1234
Ranges:      1.00   100.00  0.30054  1.00000


  medium    1 .....................  done
  medium    2 .....................  done
  
  Medium            1  sige =    6.4595132015164030        6.2354615343201143       monotone =  F F
  Medium            2  sige =    6.3784170227787529        6.1807995067678911       monotone =  F F
  
  Initializing tmxs for estepe =   0.25000000000000000       and ximax =   0.50000000000000000     
  
Output from subroutine EDGSET:
==============================
 Atomic relaxations not requested! 

 Bound Compton scattering not requested! 

EGSnrc SUCCESSFULLY 'HATCHED' FOR     2 MEDIA.


The following media are defined:
================================

  0  AIR521ICRU               AE= 0.5210 AP= 0.0100 0
  1  H2O521ICRU               AE= 0.5210 AP= 0.0100 1


Transport parameter and cross section options:
==============================================
Photon cross sections                             xcom            
Compton cross sections                            default         
Global Pcut                                       0.01
Pair cross sections                               BH
Pair angular sampling                             Simple
Triplet production                                Off
Bound Compton scattering                          Off
Radiative Compton corrections                     Off
Rayleigh scattering                               Off
Atomic relaxations                                Off
Photoelectron angular sampling                    Off
Photonuclear attenuation                          Off
Photonuclear cross sections                       default         

Global Ecut                                       0.521
Brems cross sections                              BH
Brems angular sampling                            Simple
Spin effects                                      On
Electron Impact Ionization                        Off             
Global Smax                                       1e+10
ESTEPE                                            0.25
Ximax                                             0.5
Boundary crossing algorithm                       PRESTA-I
Skin depth for BCA                                24.1813
Electron-step algorithm                           EGSnrc
==============================================



======================== geometry =====================
 type = EGS_CDGeometry
 name = the_phantom
 number of regions = 800


The simulation uses the following source:
=========================================
 Collimated source from a shape of type point onto a shape of type rectangle with monoenergetic 6 MeV, photons


Random number generator:
============================================
  type                = ranmar
  high resolution     = no
  initial seeds       = 33 97
  numbers used so far = 0


The following ausgab objects are included in the simulation
===========================================================


*******************************************
Dose Scoring Object (pdd)
*******************************************

 - Regions in dose calculator :200


--------------------------------------
medium       rho/[g/cm**3]
--------------------------------------
AIR521ICRU  0.00
H2O521ICRU  1.00
--------------------------------------

*******************************************





Starting simulation on Tue Oct 22 09:02:56 2019

    Fresh simulation of 5000000 histories



Running 5000000 histories

  Batch             CPU time        Result   Uncertainty(%)
==========================================================
      1              169.89              0         100.00
      2              338.72              0         100.00
      3              507.25              0         100.00
      4              676.67              0         100.00
      5              845.13              0         100.00
      6             1013.89              0         100.00
      7             1182.44              0         100.00
      8             1350.82              0         100.00
      9             1519.25              0         100.00
     10             1687.53              0         100.00


Finished simulation

Total cpu time for this run:            1687.53 (sec.) 0.4688(hours)
Histories per hour:                     1.06665e+07   
Number of random numbers used:          17451786232   
Number of electron CH steps:            8.8273e+08    
Number of all electron steps:           1.10069e+09   

======================================================
Dose Scoring Object(pdd)
======================================================
=> last case = 5000000 fluence = 138889

==> Summary of region dosimetry (per fluence)
 ir medium       rho/[g/cm3]  V/cm3    Edep/[MeV*cm2]            D/[Gy*cm2]         
------------------------------------------------------------------------------------
  0 H2O521ICRU   1.000     0.0008 9.8017e-09 +/- 6.477  % 2.0003e-15 +/- 6.477  %
  2 H2O521ICRU   1.000     0.0008 2.6529e-08 +/- 4.175  % 5.4140e-15 +/- 4.175  %
  4 H2O521ICRU   1.000     0.0008 4.5210e-08 +/- 3.269  % 9.2263e-15 +/- 3.269  %
  6 H2O521ICRU   1.000     0.0008 5.8603e-08 +/- 2.779  % 1.1960e-14 +/- 2.779  %
  8 H2O521ICRU   1.000     0.0008 7.4810e-08 +/- 2.514  % 1.5267e-14 +/- 2.514  %
 10 H2O521ICRU   1.000     0.0008 8.7408e-08 +/- 2.329  % 1.7838e-14 +/- 2.329  %
 12 H2O521ICRU   1.000     0.0008 9.7219e-08 +/- 2.170  % 1.9840e-14 +/- 2.170  %
 14 H2O521ICRU   1.000     0.0008 1.0935e-07 +/- 2.050  % 2.2315e-14 +/- 2.050  %
 16 H2O521ICRU   1.000     0.0008 1.2037e-07 +/- 1.965  % 2.4565e-14 +/- 1.965  %
 18 H2O521ICRU   1.000     0.0008 1.2776e-07 +/- 1.911  % 2.6073e-14 +/- 1.911  %
 20 H2O521ICRU   1.000     0.0008 1.3337e-07 +/- 1.862  % 2.7217e-14 +/- 1.862  %
 22 H2O521ICRU   1.000     0.0008 1.3690e-07 +/- 1.833  % 2.7939e-14 +/- 1.833  %
 24 H2O521ICRU   1.000     0.0008 1.3976e-07 +/- 1.827  % 2.8521e-14 +/- 1.827  %
 26 H2O521ICRU   1.000     0.0008 1.4047e-07 +/- 1.819  % 2.8666e-14 +/- 1.819  %
 28 H2O521ICRU   1.000     0.0008 1.4382e-07 +/- 1.784  % 2.9350e-14 +/- 1.784  %
 30 H2O521ICRU   1.000     0.0008 1.4295e-07 +/- 1.785  % 2.9172e-14 +/- 1.785  %
 32 H2O521ICRU   1.000     0.0008 1.4694e-07 +/- 1.756  % 2.9986e-14 +/- 1.756  %
 34 H2O521ICRU   1.000     0.0008 1.5222e-07 +/- 1.742  % 3.1064e-14 +/- 1.742  %
 36 H2O521ICRU   1.000     0.0008 1.5107e-07 +/- 1.761  % 3.0831e-14 +/- 1.761  %
 38 H2O521ICRU   1.000     0.0008 1.5064e-07 +/- 1.749  % 3.0742e-14 +/- 1.749  %
 40 H2O521ICRU   1.000     0.0008 1.4798e-07 +/- 1.757  % 3.0199e-14 +/- 1.757  %
 42 H2O521ICRU   1.000     0.0008 1.4876e-07 +/- 1.772  % 3.0359e-14 +/- 1.772  %
 44 H2O521ICRU   1.000     0.0008 1.4533e-07 +/- 1.769  % 2.9659e-14 +/- 1.769  %
 46 H2O521ICRU   1.000     0.0008 1.4689e-07 +/- 1.757  % 2.9978e-14 +/- 1.757  %
 48 H2O521ICRU   1.000     0.0008 1.4581e-07 +/- 1.771  % 2.9756e-14 +/- 1.771  %
 50 H2O521ICRU   1.000     0.0008 1.4878e-07 +/- 1.761  % 3.0363e-14 +/- 1.761  %
 52 H2O521ICRU   1.000     0.0008 1.5100e-07 +/- 1.749  % 3.0815e-14 +/- 1.749  %
 54 H2O521ICRU   1.000     0.0008 1.4827e-07 +/- 1.767  % 3.0258e-14 +/- 1.767  %
 56 H2O521ICRU   1.000     0.0008 1.4634e-07 +/- 1.789  % 2.9865e-14 +/- 1.789  %
 58 H2O521ICRU   1.000     0.0008 1.4730e-07 +/- 1.752  % 3.0060e-14 +/- 1.752  %
 60 H2O521ICRU   1.000     0.0008 1.4789e-07 +/- 1.783  % 3.0181e-14 +/- 1.783  %
 62 H2O521ICRU   1.000     0.0008 1.4692e-07 +/- 1.769  % 2.9982e-14 +/- 1.769  %
 64 H2O521ICRU   1.000     0.0008 1.4660e-07 +/- 1.793  % 2.9918e-14 +/- 1.793  %
 66 H2O521ICRU   1.000     0.0008 1.4433e-07 +/- 1.790  % 2.9455e-14 +/- 1.790  %
 68 H2O521ICRU   1.000     0.0008 1.4563e-07 +/- 1.780  % 2.9719e-14 +/- 1.780  %
 70 H2O521ICRU   1.000     0.0008 1.4577e-07 +/- 1.784  % 2.9748e-14 +/- 1.784  %
 72 H2O521ICRU   1.000     0.0008 1.4564e-07 +/- 1.776  % 2.9722e-14 +/- 1.776  %
 74 H2O521ICRU   1.000     0.0008 1.4601e-07 +/- 1.763  % 2.9798e-14 +/- 1.763  %
 76 H2O521ICRU   1.000     0.0008 1.4517e-07 +/- 1.791  % 2.9626e-14 +/- 1.791  %
 78 H2O521ICRU   1.000     0.0008 1.4091e-07 +/- 1.801  % 2.8756e-14 +/- 1.801  %
 80 H2O521ICRU   1.000     0.0008 1.3651e-07 +/- 1.829  % 2.7858e-14 +/- 1.829  %
 82 H2O521ICRU   1.000     0.0008 1.3790e-07 +/- 1.845  % 2.8142e-14 +/- 1.845  %
 84 H2O521ICRU   1.000     0.0008 1.3901e-07 +/- 1.840  % 2.8368e-14 +/- 1.840  %
 86 H2O521ICRU   1.000     0.0008 1.3449e-07 +/- 1.862  % 2.7446e-14 +/- 1.862  %
 88 H2O521ICRU   1.000     0.0008 1.3548e-07 +/- 1.846  % 2.7649e-14 +/- 1.846  %
 90 H2O521ICRU   1.000     0.0008 1.3488e-07 +/- 1.848  % 2.7526e-14 +/- 1.848  %
 92 H2O521ICRU   1.000     0.0008 1.3579e-07 +/- 1.851  % 2.7711e-14 +/- 1.851  %
 94 H2O521ICRU   1.000     0.0008 1.3397e-07 +/- 1.843  % 2.7340e-14 +/- 1.843  %
 96 H2O521ICRU   1.000     0.0008 1.3489e-07 +/- 1.854  % 2.7529e-14 +/- 1.854  %
 98 H2O521ICRU   1.000     0.0008 1.3370e-07 +/- 1.858  % 2.7285e-14 +/- 1.858  %
100 H2O521ICRU   1.000     0.0008 1.2991e-07 +/- 1.873  % 2.6511e-14 +/- 1.873  %
102 H2O521ICRU   1.000     0.0008 1.2886e-07 +/- 1.883  % 2.6297e-14 +/- 1.883  %
104 H2O521ICRU   1.000     0.0008 1.3244e-07 +/- 1.879  % 2.7029e-14 +/- 1.879  %
106 H2O521ICRU   1.000     0.0008 1.3540e-07 +/- 1.845  % 2.7633e-14 +/- 1.845  %
108 H2O521ICRU   1.000     0.0008 1.3485e-07 +/- 1.848  % 2.7520e-14 +/- 1.848  %
110 H2O521ICRU   1.000     0.0008 1.3295e-07 +/- 1.865  % 2.7133e-14 +/- 1.865  %
112 H2O521ICRU   1.000     0.0008 1.2865e-07 +/- 1.898  % 2.6255e-14 +/- 1.898  %
114 H2O521ICRU   1.000     0.0008 1.3186e-07 +/- 1.898  % 2.6909e-14 +/- 1.898  %
116 H2O521ICRU   1.000     0.0008 1.2867e-07 +/- 1.888  % 2.6259e-14 +/- 1.888  %
118 H2O521ICRU   1.000     0.0008 1.2771e-07 +/- 1.897  % 2.6062e-14 +/- 1.897  %
120 H2O521ICRU   1.000     0.0008 1.2813e-07 +/- 1.882  % 2.6149e-14 +/- 1.882  %
122 H2O521ICRU   1.000     0.0008 1.2814e-07 +/- 1.898  % 2.6150e-14 +/- 1.898  %
124 H2O521ICRU   1.000     0.0008 1.2900e-07 +/- 1.890  % 2.6326e-14 +/- 1.890  %
126 H2O521ICRU   1.000     0.0008 1.2547e-07 +/- 1.915  % 2.5606e-14 +/- 1.915  %
128 H2O521ICRU   1.000     0.0008 1.2326e-07 +/- 1.931  % 2.5155e-14 +/- 1.931  %
130 H2O521ICRU   1.000     0.0008 1.2587e-07 +/- 1.920  % 2.5686e-14 +/- 1.920  %
132 H2O521ICRU   1.000     0.0008 1.2341e-07 +/- 1.928  % 2.5185e-14 +/- 1.928  %
134 H2O521ICRU   1.000     0.0008 1.2431e-07 +/- 1.895  % 2.5369e-14 +/- 1.895  %
136 H2O521ICRU   1.000     0.0008 1.2524e-07 +/- 1.924  % 2.5559e-14 +/- 1.924  %
138 H2O521ICRU   1.000     0.0008 1.2489e-07 +/- 1.900  % 2.5488e-14 +/- 1.900  %
140 H2O521ICRU   1.000     0.0008 1.2455e-07 +/- 1.929  % 2.5418e-14 +/- 1.929  %
142 H2O521ICRU   1.000     0.0008 1.2838e-07 +/- 1.915  % 2.6199e-14 +/- 1.915  %
144 H2O521ICRU   1.000     0.0008 1.2292e-07 +/- 1.933  % 2.5085e-14 +/- 1.933  %
146 H2O521ICRU   1.000     0.0008 1.2406e-07 +/- 1.919  % 2.5318e-14 +/- 1.919  %
148 H2O521ICRU   1.000     0.0008 1.1902e-07 +/- 1.961  % 2.4290e-14 +/- 1.961  %
150 H2O521ICRU   1.000     0.0008 1.2072e-07 +/- 1.960  % 2.4637e-14 +/- 1.960  %
152 H2O521ICRU   1.000     0.0008 1.2092e-07 +/- 1.975  % 2.4677e-14 +/- 1.975  %
154 H2O521ICRU   1.000     0.0008 1.2073e-07 +/- 1.955  % 2.4638e-14 +/- 1.955  %
156 H2O521ICRU   1.000     0.0008 1.1972e-07 +/- 1.940  % 2.4433e-14 +/- 1.940  %
158 H2O521ICRU   1.000     0.0008 1.2142e-07 +/- 1.972  % 2.4780e-14 +/- 1.972  %
160 H2O521ICRU   1.000     0.0008 1.1567e-07 +/- 1.965  % 2.3605e-14 +/- 1.965  %
162 H2O521ICRU   1.000     0.0008 1.1858e-07 +/- 1.986  % 2.4199e-14 +/- 1.986  %
164 H2O521ICRU   1.000     0.0008 1.2187e-07 +/- 1.957  % 2.4870e-14 +/- 1.957  %
166 H2O521ICRU   1.000     0.0008 1.1672e-07 +/- 1.987  % 2.3821e-14 +/- 1.987  %
168 H2O521ICRU   1.000     0.0008 1.1816e-07 +/- 1.990  % 2.4114e-14 +/- 1.990  %
170 H2O521ICRU   1.000     0.0008 1.1461e-07 +/- 1.976  % 2.3389e-14 +/- 1.976  %
172 H2O521ICRU   1.000     0.0008 1.2090e-07 +/- 1.974  % 2.4673e-14 +/- 1.974  %
174 H2O521ICRU   1.000     0.0008 1.1480e-07 +/- 1.999  % 2.3429e-14 +/- 1.999  %
176 H2O521ICRU   1.000     0.0008 1.1357e-07 +/- 2.017  % 2.3176e-14 +/- 2.017  %
178 H2O521ICRU   1.000     0.0008 1.1770e-07 +/- 1.991  % 2.4021e-14 +/- 1.991  %
180 H2O521ICRU   1.000     0.0008 1.1872e-07 +/- 1.965  % 2.4227e-14 +/- 1.965  %
182 H2O521ICRU   1.000     0.0008 1.1617e-07 +/- 1.993  % 2.3707e-14 +/- 1.993  %
184 H2O521ICRU   1.000     0.0008 1.1809e-07 +/- 1.985  % 2.4100e-14 +/- 1.985  %
186 H2O521ICRU   1.000     0.0008 1.1251e-07 +/- 2.026  % 2.2961e-14 +/- 2.026  %
188 H2O521ICRU   1.000     0.0008 1.1227e-07 +/- 2.041  % 2.2912e-14 +/- 2.041  %
190 H2O521ICRU   1.000     0.0008 1.1575e-07 +/- 2.013  % 2.3623e-14 +/- 2.013  %
192 H2O521ICRU   1.000     0.0008 1.1519e-07 +/- 1.993  % 2.3508e-14 +/- 1.993  %
194 H2O521ICRU   1.000     0.0008 1.1387e-07 +/- 1.999  % 2.3238e-14 +/- 1.999  %
196 H2O521ICRU   1.000     0.0008 1.1084e-07 +/- 2.040  % 2.2621e-14 +/- 2.040  %
198 H2O521ICRU   1.000     0.0008 1.1005e-07 +/- 2.042  % 2.2458e-14 +/- 2.042  %
200 H2O521ICRU   1.000     0.0008 1.0995e-07 +/- 2.046  % 2.2438e-14 +/- 2.046  %
202 H2O521ICRU   1.000     0.0008 1.1072e-07 +/- 2.045  % 2.2594e-14 +/- 2.045  %
204 H2O521ICRU   1.000     0.0008 1.0896e-07 +/- 2.043  % 2.2236e-14 +/- 2.043  %
206 H2O521ICRU   1.000     0.0008 1.1259e-07 +/- 2.030  % 2.2977e-14 +/- 2.030  %
208 H2O521ICRU   1.000     0.0008 1.1105e-07 +/- 2.050  % 2.2663e-14 +/- 2.050  %
210 H2O521ICRU   1.000     0.0008 1.0706e-07 +/- 2.065  % 2.1849e-14 +/- 2.065  %
212 H2O521ICRU   1.000     0.0008 1.0789e-07 +/- 2.070  % 2.2017e-14 +/- 2.070  %
214 H2O521ICRU   1.000     0.0008 1.0582e-07 +/- 2.088  % 2.1596e-14 +/- 2.088  %
216 H2O521ICRU   1.000     0.0008 1.0735e-07 +/- 2.087  % 2.1909e-14 +/- 2.087  %
218 H2O521ICRU   1.000     0.0008 1.0434e-07 +/- 2.092  % 2.1293e-14 +/- 2.092  %
220 H2O521ICRU   1.000     0.0008 1.0510e-07 +/- 2.076  % 2.1448e-14 +/- 2.076  %
222 H2O521ICRU   1.000     0.0008 1.0421e-07 +/- 2.088  % 2.1268e-14 +/- 2.088  %
224 H2O521ICRU   1.000     0.0008 1.0064e-07 +/- 2.122  % 2.0538e-14 +/- 2.122  %
226 H2O521ICRU   1.000     0.0008 1.0547e-07 +/- 2.115  % 2.1524e-14 +/- 2.115  %
228 H2O521ICRU   1.000     0.0008 1.0302e-07 +/- 2.102  % 2.1023e-14 +/- 2.102  %
230 H2O521ICRU   1.000     0.0008 1.0483e-07 +/- 2.101  % 2.1393e-14 +/- 2.101  %
232 H2O521ICRU   1.000     0.0008 1.0628e-07 +/- 2.065  % 2.1689e-14 +/- 2.065  %
234 H2O521ICRU   1.000     0.0008 1.0243e-07 +/- 2.117  % 2.0904e-14 +/- 2.117  %
236 H2O521ICRU   1.000     0.0008 1.0411e-07 +/- 2.100  % 2.1247e-14 +/- 2.100  %
238 H2O521ICRU   1.000     0.0008 1.0577e-07 +/- 2.075  % 2.1586e-14 +/- 2.075  %
240 H2O521ICRU   1.000     0.0008 1.0532e-07 +/- 2.089  % 2.1494e-14 +/- 2.089  %
242 H2O521ICRU   1.000     0.0008 1.0255e-07 +/- 2.130  % 2.0927e-14 +/- 2.130  %
244 H2O521ICRU   1.000     0.0008 1.0203e-07 +/- 2.123  % 2.0822e-14 +/- 2.123  %
246 H2O521ICRU   1.000     0.0008 1.0148e-07 +/- 2.148  % 2.0709e-14 +/- 2.148  %
248 H2O521ICRU   1.000     0.0008 1.0030e-07 +/- 2.134  % 2.0469e-14 +/- 2.134  %
250 H2O521ICRU   1.000     0.0008 1.0313e-07 +/- 2.112  % 2.1047e-14 +/- 2.112  %
252 H2O521ICRU   1.000     0.0008 1.0270e-07 +/- 2.137  % 2.0958e-14 +/- 2.137  %
254 H2O521ICRU   1.000     0.0008 1.0009e-07 +/- 2.153  % 2.0427e-14 +/- 2.153  %
256 H2O521ICRU   1.000     0.0008 9.9572e-08 +/- 2.154  % 2.0320e-14 +/- 2.154  %
258 H2O521ICRU   1.000     0.0008 9.8343e-08 +/- 2.154  % 2.0069e-14 +/- 2.154  %
260 H2O521ICRU   1.000     0.0008 9.7880e-08 +/- 2.155  % 1.9975e-14 +/- 2.155  %
262 H2O521ICRU   1.000     0.0008 9.7830e-08 +/- 2.169  % 1.9965e-14 +/- 2.169  %
264 H2O521ICRU   1.000     0.0008 9.6039e-08 +/- 2.201  % 1.9599e-14 +/- 2.201  %
266 H2O521ICRU   1.000     0.0008 9.5982e-08 +/- 2.179  % 1.9588e-14 +/- 2.179  %
268 H2O521ICRU   1.000     0.0008 9.5959e-08 +/- 2.209  % 1.9583e-14 +/- 2.209  %
270 H2O521ICRU   1.000     0.0008 9.4247e-08 +/- 2.180  % 1.9234e-14 +/- 2.180  %
272 H2O521ICRU   1.000     0.0008 9.8908e-08 +/- 2.194  % 2.0185e-14 +/- 2.194  %
274 H2O521ICRU   1.000     0.0008 9.6158e-08 +/- 2.194  % 1.9624e-14 +/- 2.194  %
276 H2O521ICRU   1.000     0.0008 9.6833e-08 +/- 2.184  % 1.9761e-14 +/- 2.184  %
278 H2O521ICRU   1.000     0.0008 9.6549e-08 +/- 2.171  % 1.9703e-14 +/- 2.171  %
280 H2O521ICRU   1.000     0.0008 9.7547e-08 +/- 2.203  % 1.9907e-14 +/- 2.203  %
282 H2O521ICRU   1.000     0.0008 9.6409e-08 +/- 2.193  % 1.9675e-14 +/- 2.193  %
284 H2O521ICRU   1.000     0.0008 9.1838e-08 +/- 2.224  % 1.8742e-14 +/- 2.224  %
286 H2O521ICRU   1.000     0.0008 9.5818e-08 +/- 2.177  % 1.9554e-14 +/- 2.177  %
288 H2O521ICRU   1.000     0.0008 9.5004e-08 +/- 2.230  % 1.9388e-14 +/- 2.230  %
290 H2O521ICRU   1.000     0.0008 9.5410e-08 +/- 2.234  % 1.9471e-14 +/- 2.234  %
292 H2O521ICRU   1.000     0.0008 9.5676e-08 +/- 2.194  % 1.9525e-14 +/- 2.194  %
294 H2O521ICRU   1.000     0.0008 9.5809e-08 +/- 2.207  % 1.9552e-14 +/- 2.207  %
296 H2O521ICRU   1.000     0.0008 9.3392e-08 +/- 2.206  % 1.9059e-14 +/- 2.206  %
298 H2O521ICRU   1.000     0.0008 9.0727e-08 +/- 2.246  % 1.8515e-14 +/- 2.246  %
300 H2O521ICRU   1.000     0.0008 8.9308e-08 +/- 2.275  % 1.8226e-14 +/- 2.275  %
302 H2O521ICRU   1.000     0.0008 8.5834e-08 +/- 2.302  % 1.7517e-14 +/- 2.302  %
304 H2O521ICRU   1.000     0.0008 8.8279e-08 +/- 2.267  % 1.8016e-14 +/- 2.267  %
306 H2O521ICRU   1.000     0.0008 8.9221e-08 +/- 2.272  % 1.8208e-14 +/- 2.272  %
308 H2O521ICRU   1.000     0.0008 9.0304e-08 +/- 2.284  % 1.8429e-14 +/- 2.284  %
310 H2O521ICRU   1.000     0.0008 8.5739e-08 +/- 2.316  % 1.7497e-14 +/- 2.316  %
312 H2O521ICRU   1.000     0.0008 8.6787e-08 +/- 2.317  % 1.7711e-14 +/- 2.317  %
314 H2O521ICRU   1.000     0.0008 8.6935e-08 +/- 2.310  % 1.7741e-14 +/- 2.310  %
316 H2O521ICRU   1.000     0.0008 8.8949e-08 +/- 2.274  % 1.8152e-14 +/- 2.274  %
318 H2O521ICRU   1.000     0.0008 8.7681e-08 +/- 2.290  % 1.7894e-14 +/- 2.290  %
320 H2O521ICRU   1.000     0.0008 8.7854e-08 +/- 2.306  % 1.7929e-14 +/- 2.306  %
322 H2O521ICRU   1.000     0.0008 8.7129e-08 +/- 2.300  % 1.7781e-14 +/- 2.300  %
324 H2O521ICRU   1.000     0.0008 8.9141e-08 +/- 2.300  % 1.8191e-14 +/- 2.300  %
326 H2O521ICRU   1.000     0.0008 8.3305e-08 +/- 2.369  % 1.7000e-14 +/- 2.369  %
328 H2O521ICRU   1.000     0.0008 8.2734e-08 +/- 2.354  % 1.6884e-14 +/- 2.354  %
330 H2O521ICRU   1.000     0.0008 8.4465e-08 +/- 2.341  % 1.7237e-14 +/- 2.341  %
332 H2O521ICRU   1.000     0.0008 8.4572e-08 +/- 2.338  % 1.7259e-14 +/- 2.338  %
334 H2O521ICRU   1.000     0.0008 8.4901e-08 +/- 2.335  % 1.7326e-14 +/- 2.335  %
336 H2O521ICRU   1.000     0.0008 8.7310e-08 +/- 2.314  % 1.7818e-14 +/- 2.314  %
338 H2O521ICRU   1.000     0.0008 8.5502e-08 +/- 2.306  % 1.7449e-14 +/- 2.306  %
340 H2O521ICRU   1.000     0.0008 8.4681e-08 +/- 2.334  % 1.7281e-14 +/- 2.334  %
342 H2O521ICRU   1.000     0.0008 8.4315e-08 +/- 2.317  % 1.7207e-14 +/- 2.317  %
344 H2O521ICRU   1.000     0.0008 8.3264e-08 +/- 2.341  % 1.6992e-14 +/- 2.341  %
346 H2O521ICRU   1.000     0.0008 8.5428e-08 +/- 2.352  % 1.7434e-14 +/- 2.352  %
348 H2O521ICRU   1.000     0.0008 8.4909e-08 +/- 2.315  % 1.7328e-14 +/- 2.315  %
350 H2O521ICRU   1.000     0.0008 8.4126e-08 +/- 2.329  % 1.7168e-14 +/- 2.329  %
352 H2O521ICRU   1.000     0.0008 8.4599e-08 +/- 2.342  % 1.7265e-14 +/- 2.342  %
354 H2O521ICRU   1.000     0.0008 8.5070e-08 +/- 2.347  % 1.7361e-14 +/- 2.347  %
356 H2O521ICRU   1.000     0.0008 8.0633e-08 +/- 2.378  % 1.6455e-14 +/- 2.378  %
358 H2O521ICRU   1.000     0.0008 7.9344e-08 +/- 2.379  % 1.6192e-14 +/- 2.379  %
360 H2O521ICRU   1.000     0.0008 8.1020e-08 +/- 2.393  % 1.6534e-14 +/- 2.393  %
362 H2O521ICRU   1.000     0.0008 8.0519e-08 +/- 2.381  % 1.6432e-14 +/- 2.381  %
364 H2O521ICRU   1.000     0.0008 8.2958e-08 +/- 2.370  % 1.6930e-14 +/- 2.370  %
366 H2O521ICRU   1.000     0.0008 7.9227e-08 +/- 2.410  % 1.6168e-14 +/- 2.410  %
368 H2O521ICRU   1.000     0.0008 7.7595e-08 +/- 2.448  % 1.5835e-14 +/- 2.448  %
370 H2O521ICRU   1.000     0.0008 7.9245e-08 +/- 2.429  % 1.6172e-14 +/- 2.429  %
372 H2O521ICRU   1.000     0.0008 7.7804e-08 +/- 2.445  % 1.5878e-14 +/- 2.445  %
374 H2O521ICRU   1.000     0.0008 7.7899e-08 +/- 2.450  % 1.5897e-14 +/- 2.450  %
376 H2O521ICRU   1.000     0.0008 7.5927e-08 +/- 2.466  % 1.5495e-14 +/- 2.466  %
378 H2O521ICRU   1.000     0.0008 7.5679e-08 +/- 2.471  % 1.5444e-14 +/- 2.471  %
380 H2O521ICRU   1.000     0.0008 7.8641e-08 +/- 2.411  % 1.6049e-14 +/- 2.411  %
382 H2O521ICRU   1.000     0.0008 8.1523e-08 +/- 2.409  % 1.6637e-14 +/- 2.409  %
384 H2O521ICRU   1.000     0.0008 8.0577e-08 +/- 2.408  % 1.6444e-14 +/- 2.408  %
386 H2O521ICRU   1.000     0.0008 7.6792e-08 +/- 2.463  % 1.5672e-14 +/- 2.463  %
388 H2O521ICRU   1.000     0.0008 7.6390e-08 +/- 2.461  % 1.5589e-14 +/- 2.461  %
390 H2O521ICRU   1.000     0.0008 7.6002e-08 +/- 2.467  % 1.5510e-14 +/- 2.467  %
392 H2O521ICRU   1.000     0.0008 7.4344e-08 +/- 2.487  % 1.5172e-14 +/- 2.487  %
394 H2O521ICRU   1.000     0.0008 7.3035e-08 +/- 2.517  % 1.4905e-14 +/- 2.517  %
396 H2O521ICRU   1.000     0.0008 7.2266e-08 +/- 2.530  % 1.4748e-14 +/- 2.530  %
398 H2O521ICRU   1.000     0.0008 7.1562e-08 +/- 2.498  % 1.4604e-14 +/- 2.498  %
------------------------------------------------------------------------------------

======================================================


================================================================================
Finished simulation

  Elapsed time:                 1688.1 s (  0.469 h)
  CPU time:                     1687.7 s (  0.469 h)
  Ratio:                          1.000


End of run                                             Tue Oct 22 09:31:04 2019
================================================================================
finishSimulation(emf_lab_pp) 0
